<?xml version="1.0" encoding="UTF-8"?>
<!-- Generated by org.testng.reporters.JUnitXMLReporter -->
<testsuite hostname="DESKTOP-622SGI1" ignored="0" name="Test" tests="6" failures="0" timestamp="2021-12-08T01:00:16 IST" time="0.072" errors="0">
  <testcase name="browsertest" time="0.007" classname="AutomationTest.MavenJava.seleniumTest"/>
  <testcase name="uitest" time="0.001" classname="AutomationTest.MavenJava.seleniumTest"/>
  <testcase name="Androidtest" time="0.0" classname="AutomationTest.MavenJava.appiumTest"/>
  <testcase name="iostc" time="0.001" classname="AutomationTest.MavenJava.appiumTest"/>
  <testcase name="afterjira" time="0.001" classname="AutomationTest.MavenJava.restapiTest"/>
  <testcase name="twitterlogin" time="0.005" classname="AutomationTest.MavenJava.restapiTest"/>
</testsuite> <!-- Test -->
