<?xml version="1.0" encoding="UTF-8"?>
<testsuite xmlns:xsi="http://www.w3.org/2001/XMLSchema-instance" xsi:noNamespaceSchemaLocation="https://maven.apache.org/surefire/maven-surefire-plugin/xsd/surefire-test-report-3.0.xsd" version="3.0" name="TestSuite" time="0.782" tests="6" errors="0" skipped="0" failures="0">
  <properties>
[...]
</properties>
  <testcase name="browsertest" classname="AutomationTest.MavenJava.seleniumTest" time="0.009">
    <system-out><![CDATA[webbrowser test
]]></system-out>
  </testcase>
  <testcase name="uitest" classname="AutomationTest.MavenJava.seleniumTest" time="0">
    <system-out><![CDATA[ui testing
]]></system-out>
  </testcase>
  <testcase name="Androidtest" classname="AutomationTest.MavenJava.appiumTest" time="0.002">
    <system-out><![CDATA[Android tc
]]></system-out>
  </testcase>
  <testcase name="iostc" classname="AutomationTest.MavenJava.appiumTest" time="0.002">
    <system-out><![CDATA[ios test
]]></system-out>
  </testcase>
  <testcase name="afterjira" classname="AutomationTest.MavenJava.restapiTest" time="0">
    <system-out><![CDATA[after jira bug
]]></system-out>
  </testcase>
  <testcase name="twitterlogin" classname="AutomationTest.MavenJava.restapiTest" time="0.005">
    <system-out><![CDATA[twitter login
]]></system-out>
  </testcase>
</testsuite>