<?xml version="1.0" encoding="UTF-8"?>
<testsuite xmlns:xsi="http://www.w3.org/2001/XMLSchema-instance" xsi:noNamespaceSchemaLocation="https://maven.apache.org/surefire/maven-surefire-plugin/xsd/surefire-test-report-3.0.xsd" version="3.0" name="AutomationTest.MavenJava.appiumTest" time="0.523" tests="2" errors="0" skipped="0" failures="0">
  <properties>
[...]
</properties>
  <testcase name="Androidtest" classname="AutomationTest.MavenJava.appiumTest" time="0.006">
    <system-out><![CDATA[Android tc
]]></system-out>
  </testcase>
  <testcase name="iostc" classname="AutomationTest.MavenJava.appiumTest" time="0">
    <system-out><![CDATA[ios test
]]></system-out>
  </testcase>
</testsuite>